[debug] [2023-06-04T02:44:50.134Z] ----------------------------------------------------------------------
[debug] [2023-06-04T02:44:50.135Z] Command:       /usr/local/bin/node /usr/local/bin/firebase init
[debug] [2023-06-04T02:44:50.135Z] CLI Version:   12.3.0
[debug] [2023-06-04T02:44:50.135Z] Platform:      darwin
[debug] [2023-06-04T02:44:50.135Z] Node Version:  v16.15.1
[debug] [2023-06-04T02:44:50.136Z] Time:          Sun Jun 04 2023 05:44:50 GMT+0300 (Eastern European Summer Time)
[debug] [2023-06-04T02:44:50.136Z] ----------------------------------------------------------------------
[debug] 
[debug] [2023-06-04T02:44:50.138Z] > command requires scopes: ["email","openid","https://www.googleapis.com/auth/cloudplatformprojects.readonly","https://www.googleapis.com/auth/firebase","https://www.googleapis.com/auth/cloud-platform"]
[debug] [2023-06-04T02:44:50.139Z] > authorizing via signed-in user (sasha.riabko2015@gmail.com)
[info] 
     ######## #### ########  ######## ########     ###     ######  ########
     ##        ##  ##     ## ##       ##     ##  ##   ##  ##       ##
     ######    ##  ########  ######   ########  #########  ######  ######
     ##        ##  ##    ##  ##       ##     ## ##     ##       ## ##
     ##       #### ##     ## ######## ########  ##     ##  ######  ########

You're about to initialize a Firebase project in this directory:

  /Users/sriabko/Documents/diploma/diploma-pallete-app

[info] 
=== Project Setup
[info] 
[info] First, let's associate this project directory with a Firebase project.
[info] You can create multiple project aliases by running firebase use --add, 
[info] but for now we'll just set up a default project.
[info] 
[debug] [2023-06-04T02:45:38.868Z] >>> [apiv2][query] GET https://firebase.googleapis.com/v1beta1/projects pageSize=100
[debug] [2023-06-04T02:45:40.463Z] <<< [apiv2][status] GET https://firebase.googleapis.com/v1beta1/projects 200
[debug] [2023-06-04T02:45:40.463Z] <<< [apiv2][body] GET https://firebase.googleapis.com/v1beta1/projects [omitted]
[info] i  Using project color-pallete-app-e1a21 (color-pallete-app) 
[info] 
=== Hosting Setup
[info] 
[info] Your public directory is the folder (relative to your project directory) that
[info] will contain Hosting assets to be uploaded with firebase deploy. If you
[info] have a build process for your assets, use your build's output directory.
[info] 
